0 info it worked if it ends with ok
1 verbose cli [ 'node', '/usr/local/bin/npm', 'adduser' ]
2 info using npm@1.4.28
3 info using node@v0.10.35
4 verbose adduser before first PUT { name: 'pix---',
4 verbose adduser   password: 'XXXXX',
4 verbose adduser   email: 'pix---@hotmail.com',
4 verbose adduser   _id: 'org.couchdb.user:pix---',
4 verbose adduser   type: 'user',
4 verbose adduser   roles: [],
4 verbose adduser   date: '2016-04-30T13:41:14.252Z' }
5 verbose request where is /-/user/org.couchdb.user:pix---
6 verbose request registry https://registry.npmjs.org/
7 verbose request id 40f23b1e097a5271
8 verbose url raw /-/user/org.couchdb.user:pix---
9 verbose url resolving [ 'https://registry.npmjs.org/',
9 verbose url resolving   './-/user/org.couchdb.user:pix---' ]
10 verbose url resolved https://registry.npmjs.org/-/user/org.couchdb.user:pix---
11 verbose request where is https://registry.npmjs.org/-/user/org.couchdb.user:pix---
12 info trying registry request attempt 1 at 15:41:14
13 http PUT https://registry.npmjs.org/-/user/org.couchdb.user:pix---
14 http 401 https://registry.npmjs.org/-/user/org.couchdb.user:pix---
15 verbose adduser back [ null,
15 verbose adduser   { ok: false, id: 'org.couchdb.user:undefined' },
15 verbose adduser   '{"ok":false,"id":"org.couchdb.user:undefined"}' ]
16 warn adduser Incorrect username or password
16 warn adduser You can reset your account by visiting:
16 warn adduser
16 warn adduser     https://npmjs.org/forgot
17 error Error: 401 Could not create user
17 error {"ok":false,"id":"org.couchdb.user:undefined"}
17 error     at RegClient.<anonymous> (/usr/local/lib/node_modules/npm/node_modules/npm-registry-client/lib/adduser.js:119:15)
17 error     at RegClient.<anonymous> (/usr/local/lib/node_modules/npm/node_modules/npm-registry-client/lib/adduser.js:74:18)
17 error     at cb (/usr/local/lib/node_modules/npm/node_modules/npm-registry-client/lib/request.js:57:9)
17 error     at RegClient.<anonymous> (/usr/local/lib/node_modules/npm/node_modules/npm-registry-client/lib/request.js:137:16)
17 error     at cb (/usr/local/lib/node_modules/npm/node_modules/npm-registry-client/lib/request.js:166:9)
17 error     at RegClient.<anonymous> (/usr/local/lib/node_modules/npm/node_modules/npm-registry-client/lib/request.js:320:12)
17 error     at Request._callback (/usr/local/lib/node_modules/npm/node_modules/npm-registry-client/lib/request.js:246:65)
17 error     at Request.self.callback (/usr/local/lib/node_modules/npm/node_modules/request/request.js:236:22)
17 error     at Request.emit (events.js:98:17)
17 error     at Request.<anonymous> (/usr/local/lib/node_modules/npm/node_modules/request/request.js:1142:14)
18 error If you need help, you may report this *entire* log,
18 error including the npm and node versions, at:
18 error     <http://github.com/npm/npm/issues>
19 error System Darwin 15.4.0
20 error command "node" "/usr/local/bin/npm" "adduser"
21 error cwd /Users/jens/Documents/Github/ioBroker.feiertage
22 error node -v v0.10.35
23 error npm -v 1.4.28
24 verbose exit [ 1, true ]
